<?xml version="1.0" encoding="UTF-8"?>
<testsuite xmlns:xsi="http://www.w3.org/2001/XMLSchema-instance" xsi:noNamespaceSchemaLocation="https://maven.apache.org/surefire/maven-surefire-plugin/xsd/surefire-test-report-3.0.xsd" version="3.0" name="airline.LightPlaneTest" time="0.01" tests="5" errors="0" skipped="0" failures="0">
  <properties>
[...]
</properties>
  <testcase name="testSetId" classname="airline.LightPlaneTest" time="0.002"/>
  <testcase name="testToString" classname="airline.LightPlaneTest" time="0.002"/>
  <testcase name="testConstructorAndGetters" classname="airline.LightPlaneTest" time="0.001"/>
  <testcase name="testGetType" classname="airline.LightPlaneTest" time="0.001"/>
  <testcase name="testSetImagePath" classname="airline.LightPlaneTest" time="0.0"/>
</testsuite>